1


  WRONG INPUT


 MOLECULE NR   1

 NUMBER OF ATOMS = 15    OUTPUT INDEX = 1


 HC6(X1)RDC6(H)DC6(H)DC6(RC(H,H,H))DC6(H)RDC6(H)


   TORSION ANGLES:  180.00   90.00  180.00
   VANDERWAALS RADII (*100) AND COORDINATES


     1   100     0.00     0.00     0.00
     2   170    -1.06    -0.00    -0.00
     3   170    -1.75     0.85     0.85
     4   100    -1.22     1.49     1.49
     5   170    -3.13     0.84     0.84
     6   100    -3.66     1.49     1.49
     7   170    -3.82    -0.00    -0.00
     8   150    -5.32    -0.00    -0.00
     9   100    -5.69     0.73    -0.73
    10   100    -5.69    -1.00    -0.27
    11   100    -5.69     0.27     1.00
    12   170    -3.13    -0.85    -0.85
    13   100    -3.66    -1.49    -1.49
    14   170    -1.75    -0.85    -0.85
    15   100    -1.22    -1.49    -1.49






  STERIC PARAMETERS:   L=  7.22

  B(1) - B(4):      3.11     3.11     2.04     1.71   B(5):     3.11



  TAKE CARE; MUTUAL PENETRATION OF FOLLOWING ATOMS:

 NRS.  1 AND 14   ; OVERLAP IS   0.58
 NRS.  2 AND  7   ; OVERLAP IS   0.64
 NRS.  2 AND 12   ; OVERLAP IS   1.01
 NRS.  2 AND 14   ; OVERLAP IS   2.02
 NRS.  2 AND 15   ; OVERLAP IS   0.58
 NRS.  3 AND 12   ; OVERLAP IS   0.64
 NRS.  3 AND 14   ; OVERLAP IS   1.01
 NRS.  5 AND 11   ; OVERLAP IS   0.07
 NRS.  5 AND 14   ; OVERLAP IS   0.64
 NRS. 10 AND 12   ; OVERLAP IS   0.07
