
 MOLECULE NR   1

 NUMBER OF ATOMS = 26    OUTPUT INDEX = 1


 HC(RC(H,H)RCH)RC(H,H)RC(RC(H,H),H)RC(H,H)RC(RC(H,H),H)RC(H,H)


   TORSION ANGLES:  180.00  180.00  180.00  -60.00   60.00   60.00  -60.00   60.00  180.00
   VANDERWAALS RADII (*100) AND COORDINATES


     1   100     0.00     0.00     0.00
     2   150    -1.10     0.00     0.00
     3   150    -1.61    -1.40     0.38
     4   100    -1.25    -2.14    -0.36
     5   100    -1.25    -1.67     1.38
     6   150    -3.15    -1.40     0.38
     7   100    -3.52    -2.40     0.64
     8   150    -1.61     1.03     1.03
     9   100    -1.25     0.76     2.03
    10   100    -1.25     2.03     0.76
    11   150    -3.15     1.03     1.03
    12   150    -3.67    -0.38     1.40
    13   100    -3.30    -0.64     2.40
    14   100    -4.77    -0.38     1.40
    15   100    -3.52     1.76     1.76
    16   150    -3.67     1.40    -0.38
    17   100    -4.77     1.40    -0.38
    18   100    -3.30     2.40    -0.64
    19   150    -3.15     0.38    -1.40
    20   150    -3.67    -1.03    -1.03
    21   100    -4.77    -1.03    -1.03
    22   100    -3.30    -1.76    -1.76
    23   100    -3.52     0.64    -2.40
    24   150    -1.61     0.38    -1.40
    25   100    -1.25    -0.36    -2.14
    26   100    -1.25     1.38    -1.67






  STERIC PARAMETERS:   L=  6.17

  B(1) - B(4):      3.49     3.49     3.16     3.16   B(5):     3.49



  TAKE CARE; MUTUAL PENETRATION OF FOLLOWING ATOMS:

 NRS.  1 AND 24   ; OVERLAP IS   0.33
 NRS.  2 AND 12   ; OVERLAP IS   0.05
 NRS.  2 AND 16   ; OVERLAP IS   0.05
 NRS.  2 AND 19   ; OVERLAP IS   0.49
 NRS.  2 AND 20   ; OVERLAP IS   0.05
 NRS.  2 AND 24   ; OVERLAP IS   1.46
 NRS.  2 AND 25   ; OVERLAP IS   0.33
 NRS.  2 AND 26   ; OVERLAP IS   0.33
 NRS.  3 AND 11   ; OVERLAP IS   0.05
 NRS.  3 AND 12   ; OVERLAP IS   0.49
 NRS.  3 AND 19   ; OVERLAP IS   0.05
 NRS.  3 AND 20   ; OVERLAP IS   0.49
 NRS.  3 AND 24   ; OVERLAP IS   0.49
 NRS.  6 AND  8   ; OVERLAP IS   0.05
 NRS.  6 AND 11   ; OVERLAP IS   0.49
 NRS.  6 AND 12   ; OVERLAP IS   1.46
 NRS.  6 AND 13   ; OVERLAP IS   0.33
 NRS.  6 AND 14   ; OVERLAP IS   0.33
 NRS.  6 AND 16   ; OVERLAP IS   0.05
 NRS.  6 AND 19   ; OVERLAP IS   0.49
 NRS.  6 AND 20   ; OVERLAP IS   1.46
 NRS.  6 AND 21   ; OVERLAP IS   0.33
 NRS.  6 AND 22   ; OVERLAP IS   0.33
 NRS.  6 AND 24   ; OVERLAP IS   0.05
 NRS.  7 AND 12   ; OVERLAP IS   0.33
 NRS.  7 AND 20   ; OVERLAP IS   0.33
 NRS.  8 AND 19   ; OVERLAP IS   0.05
 NRS.  8 AND 24   ; OVERLAP IS   0.49
 NRS. 11 AND 20   ; OVERLAP IS   0.05
 NRS. 11 AND 24   ; OVERLAP IS   0.05
 NRS. 12 AND 19   ; OVERLAP IS   0.05
 NRS. 12 AND 20   ; OVERLAP IS   0.49
