

 MOLECULE NR   1

 NUMBER OF ATOMS = 23    OUTPUT INDEX = 1


 HC(RC(H,H)RC(H,H,H),RC(H,H)RC(H,H,H),RC(H,H)RC(H,H,H))


   TORSION ANGLES:  180.00  180.00  -60.00  180.00  -60.00  180.00
   VANDERWAALS RADII (*100) AND COORDINATES


     1   100     0.00     0.00     0.00
     2   150    -1.10     0.00     0.00
     3   150    -1.61     1.03     1.03
     4   100    -1.25     0.76     2.03
     5   100    -1.25     2.03     0.76
     6   150    -3.15     1.03     1.03
     7   100    -3.52     1.76     1.76
     8   100    -3.52     1.30     0.02
     9   100    -3.52     0.02     1.30
    10   150    -1.61     0.38    -1.40
    11   100    -1.25    -0.36    -2.14
    12   100    -2.71     0.38    -1.40
    13   150    -1.10     1.78    -1.78
    14   100    -1.47     2.05    -2.78
    15   100    -1.47     2.51    -1.04
    16   100    -0.00     1.78    -1.78
    17   150    -1.61    -1.40     0.38
    18   100    -1.25    -1.67     1.38
    19   100    -2.71    -1.40     0.38
    20   150    -1.10    -2.43    -0.65
    21   100    -1.47    -3.43    -0.38
    22   100    -1.47    -2.16    -1.65
    23   100    -0.00    -2.43    -0.65






  STERIC PARAMETERS:   L=  5.05

  B(1) - B(4):      4.41     3.17     4.23     2.77   B(5):     4.45



  TAKE CARE; MUTUAL PENETRATION OF FOLLOWING ATOMS:

 NRS.  3 AND 13   ; OVERLAP IS   0.05
 NRS.  5 AND 15   ; OVERLAP IS   0.12
 NRS.  6 AND 10   ; OVERLAP IS   0.05
 NRS.  6 AND 17   ; OVERLAP IS   0.05
 NRS.  8 AND 12   ; OVERLAP IS   0.12
 NRS.  9 AND 19   ; OVERLAP IS   0.12
 NRS. 10 AND 20   ; OVERLAP IS   0.05
 NRS. 11 AND 22   ; OVERLAP IS   0.12
