1


  WRONG INPUT


 MOLECULE NR   1

 NUMBER OF ATOMS = 14    OUTPUT INDEX = 1


 HC(H,H)RC(H,RC(H,H,H),RC(H,H,H))


   TORSION ANGLES:   60.00  180.00  180.00
   VANDERWAALS RADII (*100) AND COORDINATES


     1   100     0.00     0.00     0.00
     2   150    -1.10     0.00     0.00
     3   100    -1.47     0.27    -1.00
     4   100    -1.47    -1.00     0.27
     5   150    -1.61     1.03     1.03
     6   100    -1.25     2.03     0.76
     7   150    -3.15     1.03     1.03
     8   100    -3.52     1.76     1.76
     9   100    -3.52     1.30     0.02
    10   100    -3.52     0.02     1.30
    11   150    -1.10     0.65     2.43
    12   100    -1.47     1.38     3.16
    13   100    -1.47    -0.35     2.70
    14   100    -0.00     0.65     2.43






  STERIC PARAMETERS:   L=  5.05

  B(1) - B(4):      1.52     4.21     1.90     3.16   B(5):     4.45



