

 MOLECULE NR   1

 NUMBER OF ATOMS = 18    OUTPUT INDEX = 1


 HC(X1,H)RC(H,H)RC(H,H)RC(H,H)RC(H,H)RC(H,H)


   TORSION ANGLES:  180.00  -60.00   60.00  -60.00  180.00
   VANDERWAALS RADII (*100) AND COORDINATES


     1   100     0.00     0.00     0.00
     2   150    -1.10     0.00     0.00
     3   100    -1.47    -1.00     0.27
     4   150    -1.61     1.03     1.03
     5   100    -1.25     0.76     2.03
     6   100    -1.25     2.03     0.76
     7   150    -3.15     1.03     1.03
     8   100    -3.52     0.02     1.30
     9   100    -3.52     1.76     1.76
    10   150    -3.67     1.40    -0.38
    11   100    -4.77     1.40    -0.38
    12   100    -3.30     2.40    -0.64
    13   150    -3.15     0.38    -1.40
    14   100    -3.52    -0.63    -1.13
    15   100    -3.52     0.64    -2.40
    16   150    -1.61     0.38    -1.40
    17   100    -1.25    -0.36    -2.14
    18   100    -1.25     1.38    -1.67






  STERIC PARAMETERS:   L=  6.17

  B(1) - B(4):      2.76     3.49     3.16     1.91   B(5):     3.49



  TAKE CARE; MUTUAL PENETRATION OF FOLLOWING ATOMS:

 NRS.  1 AND 16   ; OVERLAP IS   0.33
 NRS.  2 AND 10   ; OVERLAP IS   0.05
 NRS.  2 AND 13   ; OVERLAP IS   0.49
 NRS.  2 AND 16   ; OVERLAP IS   1.46
 NRS.  2 AND 17   ; OVERLAP IS   0.33
 NRS.  2 AND 18   ; OVERLAP IS   0.33
 NRS.  3 AND 16   ; OVERLAP IS   0.33
 NRS.  4 AND 13   ; OVERLAP IS   0.05
 NRS.  4 AND 16   ; OVERLAP IS   0.49
 NRS.  7 AND 16   ; OVERLAP IS   0.05
