

  WRONG INPUT
1


  WRONG INPUT


 MOLECULE NR   1

 NUMBER OF ATOMS = 23    OUTPUT INDEX = 1


 HC(H,RC(H,RC(H,H,H),RC(H,H,H)),RC(H,RC(H,H,H),RC(H,H,H)))


   TORSION ANGLES:  180.00  180.00  180.00  -60.00  180.00  180.00
   VANDERWAALS RADII (*100) AND COORDINATES


     1   100     0.00     0.00     0.00
     2   150    -1.10     0.00     0.00
     3   100    -1.47     0.73     0.73
     4   150    -1.61     0.38    -1.40
     5   100    -2.71     0.38    -1.40
     6   150    -1.10     1.78    -1.78
     7   100    -1.47     2.05    -2.78
     8   100    -1.47     2.51    -1.04
     9   100    -0.00     1.78    -1.78
    10   150    -1.10    -0.65    -2.43
    11   100    -1.47    -0.38    -3.43
    12   100    -0.00    -0.65    -2.43
    13   100    -1.47    -1.65    -2.16
    14   150    -1.61    -1.40     0.38
    15   100    -1.25    -2.14    -0.36
    16   150    -1.10    -1.78     1.78
    17   100    -1.47    -2.78     2.05
    18   100    -0.00    -1.78     1.78
    19   100    -1.47    -1.04     2.51
    20   150    -3.15    -1.40     0.38
    21   100    -3.52    -2.40     0.64
    22   100    -3.52    -0.67     1.11
    23   100    -3.52    -1.13    -0.63






  STERIC PARAMETERS:   L=  5.05

  B(1) - B(4):      3.69     2.05     4.42     4.41   B(5):     4.45



  TAKE CARE; MUTUAL PENETRATION OF FOLLOWING ATOMS:

 NRS.  4 AND 20   ; OVERLAP IS   0.05
 NRS.  5 AND 23   ; OVERLAP IS   0.12
 NRS. 10 AND 14   ; OVERLAP IS   0.05
 NRS. 13 AND 15   ; OVERLAP IS   0.12
