
  WRONG INPUT


 MOLECULE NR   1

 NUMBER OF ATOMS = 23    OUTPUT INDEX = 1


 HC(H,RC(H,H)RC(H,H)RC(H,H,H),RC(H,H)RC(H,H)RC(H,H,H))


   TORSION ANGLES:  180.00  180.00  180.00  -60.00  180.00  180.00
   VANDERWAALS RADII (*100) AND COORDINATES


     1   100     0.00     0.00     0.00
     2   150    -1.10     0.00     0.00
     3   100    -1.47     0.73     0.73
     4   150    -1.61     0.38    -1.40
     5   100    -1.25     1.38    -1.67
     6   100    -1.25    -0.36    -2.14
     7   150    -3.15     0.38    -1.40
     8   100    -3.52    -0.63    -1.13
     9   100    -3.52     1.11    -0.67
    10   150    -3.67     0.75    -2.80
    11   100    -4.77     0.75    -2.80
    12   100    -3.30     1.75    -3.07
    13   100    -3.30     0.02    -3.54
    14   150    -1.61    -1.40     0.38
    15   100    -1.25    -1.67     1.38
    16   100    -2.71    -1.40     0.38
    17   150    -1.10    -2.43    -0.65
    18   100    -1.47    -2.16    -1.65
    19   100    -0.00    -2.43    -0.65
    20   150    -1.61    -3.83    -0.28
    21   100    -1.25    -4.56    -1.01
    22   100    -1.25    -4.10     0.73
    23   100    -2.71    -3.83    -0.28






  STERIC PARAMETERS:   L=  6.17

  B(1) - B(4):      5.67     1.90     4.43     2.79   B(5):     5.67



  TAKE CARE; MUTUAL PENETRATION OF FOLLOWING ATOMS:

 NRS.  4 AND 17   ; OVERLAP IS   0.05
 NRS.  6 AND 18   ; OVERLAP IS   0.12
 NRS.  7 AND 14   ; OVERLAP IS   0.05
 NRS.  8 AND 16   ; OVERLAP IS   0.12
