1


  WRONG INPUT


 MOLECULE NR   1

 NUMBER OF ATOMS = 11    OUTPUT INDEX = 1


 HC(H,RC(H,H,H),RC(H,H,H))


   TORSION ANGLES:  180.00  180.00
   VANDERWAALS RADII (*100) AND COORDINATES


     1   100     0.00     0.00     0.00
     2   150    -1.10     0.00     0.00
     3   100    -1.47     0.73     0.73
     4   150    -1.61     0.38    -1.40
     5   100    -2.71     0.38    -1.40
     6   100    -1.25     1.38    -1.67
     7   100    -1.25    -0.36    -2.14
     8   150    -1.61    -1.40     0.38
     9   100    -2.71    -1.40     0.38
    10   100    -1.25    -2.14    -0.36
    11   100    -1.25    -1.67     1.38






  STERIC PARAMETERS:   L=  4.11

  B(1) - B(4):      3.15     1.90     2.98     2.77   B(5):     3.17



