

 MOLECULE NR   1

 NUMBER OF ATOMS = 14    OUTPUT INDEX = 1


 HC(H,H)RC(H,H)RC(H,H)RC(H,H,H)


   TORSION ANGLES:  180.00  180.00  180.00
   VANDERWAALS RADII (*100) AND COORDINATES


     1   100     0.00     0.00     0.00
     2   150    -1.10     0.00     0.00
     3   100    -1.47     0.27    -1.00
     4   100    -1.47    -1.00     0.27
     5   150    -1.61     1.03     1.03
     6   100    -1.25     0.76     2.03
     7   100    -1.25     2.03     0.76
     8   150    -3.15     1.03     1.03
     9   100    -3.52     1.30     0.02
    10   100    -3.52     0.02     1.30
    11   150    -3.67     2.05     2.05
    12   100    -4.77     2.05     2.05
    13   100    -3.30     1.78     3.06
    14   100    -3.30     3.06     1.78






  STERIC PARAMETERS:   L=  6.17

  B(1) - B(4):      1.52     4.43     1.90     1.92   B(5):     4.54



