1


  WRONG INPUT


 MOLECULE NR   1

 NUMBER OF ATOMS = 12    OUTPUT INDEX = 1


 HC6(X1)RDC6(H)DC6(H)DC6(H)DC6(H)RDC6(H)


   TORSION ANGLES:  180.00  180.00
   VANDERWAALS RADII (*100) AND COORDINATES


     1   100     0.00     0.00     0.00
     2   170    -1.06    -0.00    -0.00
     3   170    -1.75     0.85     0.85
     4   100    -1.22     1.49     1.49
     5   170    -3.13     0.84     0.84
     6   100    -3.66     1.49     1.49
     7   170    -3.82    -0.00    -0.00
     8   100    -4.88    -0.00    -0.00
     9   170    -3.13    -0.85    -0.85
    10   100    -3.66    -1.49    -1.49
    11   170    -1.75    -0.85    -0.85
    12   100    -1.22    -1.49    -1.49






  STERIC PARAMETERS:   L=  6.28

  B(1) - B(4):      3.11     3.11     1.71     1.71   B(5):     3.11



  TAKE CARE; MUTUAL PENETRATION OF FOLLOWING ATOMS:

 NRS.  1 AND 11   ; OVERLAP IS   0.58
 NRS.  2 AND  7   ; OVERLAP IS   0.64
 NRS.  2 AND  9   ; OVERLAP IS   1.01
 NRS.  2 AND 11   ; OVERLAP IS   2.02
 NRS.  2 AND 12   ; OVERLAP IS   0.58
 NRS.  3 AND  9   ; OVERLAP IS   0.64
 NRS.  3 AND 11   ; OVERLAP IS   1.01
 NRS.  5 AND 11   ; OVERLAP IS   0.64
