1


  WRONG INPUT


 MOLECULE NR   1

 NUMBER OF ATOMS = 14    OUTPUT INDEX = 1


 HC(RC(H,H,H),RC(H,H,H),RC(H,H,H))


   TORSION ANGLES:  180.00  180.00  180.00
   VANDERWAALS RADII (*100) AND COORDINATES


     1   100     0.00     0.00     0.00
     2   150    -1.10     0.00     0.00
     3   150    -1.61     1.03     1.03
     4   100    -2.71     1.03     1.03
     5   100    -1.25     0.76     2.03
     6   100    -1.25     2.03     0.76
     7   150    -1.61     0.38    -1.40
     8   100    -2.71     0.38    -1.40
     9   100    -1.25     1.38    -1.67
    10   100    -1.25    -0.36    -2.14
    11   150    -1.61    -1.40     0.38
    12   100    -2.71    -1.40     0.38
    13   100    -1.25    -2.14    -0.36
    14   100    -1.25    -1.67     1.38






  STERIC PARAMETERS:   L=  4.11

  B(1) - B(4):      2.77     2.98     3.16     3.15   B(5):     3.17



